npm warn deprecated whatwg-encoding@2.0.0: Use @exodus/bytes instead for a more spec-conformant and faster implementation
Starting up http-server, serving ./

http-server version: 14.1.1

http-server settings: 
CORS: disabled
Cache: -1 seconds
Connection Timeout: 120 seconds
Directory Listings: visible
AutoIndex: visible
Serve GZIP Files: false
Serve Brotli Files: false
Default File Extension: none

Available on:
  http://26.18.108.67:8088
  http://192.168.1.3:8088
  http://127.0.0.1:8088
Hit CTRL-C to stop the server

[2026-05-11T14:02:51.377Z]  "GET /" "curl/8.16.0"
[2026-05-11T14:02:51.609Z]  "GET /questions-data.js" "curl/8.16.0"
[2026-05-11T14:02:51.857Z]  "GET /script.js" "curl/8.16.0"
